--------------------------------------------------------------------------------
		Tihs is a log file which contins deleted file names 
		This log file is created at : Sat Jun 21 20:44:18 2025
--------------------------------------------------------------------------------
Deleted file name :/Users/manthansasane/Desktop/Assignment_PM/Assignment_22/Marvellous/Assignment13_1.py

Deleted file name :/Users/manthansasane/Desktop/Assignment_PM/Assignment_22/Marvellous/Assignment13_1 copy 3.py

Deleted file name :/Users/manthansasane/Desktop/Assignment_PM/Assignment_22/Marvellous/Assignment13_1 copy 2.py

Deleted file name :/Users/manthansasane/Desktop/Assignment_PM/Assignment_22/Marvellous/Assignment21_3 copy 3.py

Deleted file name :/Users/manthansasane/Desktop/Assignment_PM/Assignment_22/Marvellous/Assignment21_3 copy 2.py

Deleted file name :/Users/manthansasane/Desktop/Assignment_PM/Assignment_22/Marvellous/Assignment21_3.py

Deleted file name :/Users/manthansasane/Desktop/Assignment_PM/Assignment_22/Marvellous/demo copy 2.txt

Deleted file name :/Users/manthansasane/Desktop/Assignment_PM/Assignment_22/Marvellous/demo copy 3.txt

Deleted file name :/Users/manthansasane/Desktop/Assignment_PM/Assignment_22/Marvellous/demo copy.txt

Deleted file name :/Users/manthansasane/Desktop/Assignment_PM/Assignment_22/Marvellous/Assignment21_1 copy.py

Deleted file name :/Users/manthansasane/Desktop/Assignment_PM/Assignment_22/Marvellous/Assignment21_1 copy 3.py

Deleted file name :/Users/manthansasane/Desktop/Assignment_PM/Assignment_22/Marvellous/Assignment21_1 copy 2.py

Deleted file name :/Users/manthansasane/Desktop/Assignment_PM/Assignment_22/Marvellous/hello copy 2.txt

Deleted file name :/Users/manthansasane/Desktop/Assignment_PM/Assignment_22/Marvellous/hello copy 3.txt

Deleted file name :/Users/manthansasane/Desktop/Assignment_PM/Assignment_22/Marvellous/hello.txt

Total duplicate files deleted : 15
